CUDA_VISIBLE_DEVICES 0
gpu019.ihep.ac.cn
Filesystem                Size  Used Avail Use% Mounted on
devtmpfs                  189G     0  189G   0% /dev
tmpfs                     189G  2.0G  187G   2% /dev/shm
tmpfs                     189G  4.1G  185G   3% /run
tmpfs                     189G     0  189G   0% /sys/fs/cgroup
/dev/sda2                  88G   27G   62G  31% /
/dev/sda1                1014M  176M  839M  18% /boot
/dev/sda6                 775G   42G  734G   6% /tmp
/dev/sda3                  30G   33M   30G   1% /var/cache/afs
/dev/sda5                 200M  8.0K  200M   1% /boot/efi
AFS                       2.0T     0  2.0T   0% /afs
192.168.50.33@tcp:/hpcfs  1.8P  841T  879T  49% /hpcfs
cvmfs2                     40G   40G  359M 100% /cvmfs/cvmfs-config.cern.ch
cvmfs2                     40G   40G  359M 100% /cvmfs/common.ihep.ac.cn
cvmfs2                     40G   40G  359M 100% /cvmfs/bes3.ihep.ac.cn
cvmfs2                     40G   40G  359M 100% /cvmfs/juno.ihep.ac.cn
cvmfs2                     40G   40G  359M 100% /cvmfs/atlas.cern.ch
cvmfs2                     40G   40G  359M 100% /cvmfs/cms.cern.ch
cvmfs2                     40G   40G  359M 100% /cvmfs/cepc.ihep.ac.cn
cvmfs2                     40G   40G  359M 100% /cvmfs/lhaaso.ihep.ac.cn
cvmfs2                     40G   40G  359M 100% /cvmfs/sft.cern.ch
eoshxmt                   734T  452T  282T  62% /mnt/hxmt
cvmfs2                     40G   40G  359M 100% /cvmfs/lqcd.ihep.ac.cn
cvmfs2                     40G   40G  359M 100% /cvmfs/mlgpu.ihep.ac.cn
cvmfs2                     40G   40G  359M 100% /cvmfs/container.ihep.ac.cn
cvmfs2                     40G   40G  359M 100% /cvmfs/sft-nightlies.cern.ch
/hpcfs/bes/mlgpu/liaoyp/miniconda3/bin/python
2021-04-15 09:35:44,599 - None.Check[INFO]: cuda
2021-04-15 09:35:49,712 - None.Check[INFO]: Start checking...  VAE model load state:
2021-04-15 09:35:49,712 - None.Check[INFO]: /hpcfs/bes/mlgpu/liaoyp/jupyter/CGEM/2021code/VAE/Model/pt_path/model11.pt
2021-04-15 10:44:52,502 - None.Check[INFO]: Fake data checked!
2021-04-15 10:59:39,821 - None.Check[INFO]: Real data checked!
2021-04-15 10:59:42,161 - None.Check[INFO]: Save figures, done!
2021-04-15 10:59:42,161 - None.Check[INFO]: Done!
