CUDA_VISIBLE_DEVICES 0
gpu019.ihep.ac.cn
Filesystem                Size  Used Avail Use% Mounted on
devtmpfs                  189G     0  189G   0% /dev
tmpfs                     189G  2.0G  187G   2% /dev/shm
tmpfs                     189G  4.1G  185G   3% /run
tmpfs                     189G     0  189G   0% /sys/fs/cgroup
/dev/sda2                  88G   27G   62G  31% /
/dev/sda1                1014M  176M  839M  18% /boot
/dev/sda6                 775G   42G  734G   6% /tmp
/dev/sda3                  30G   33M   30G   1% /var/cache/afs
/dev/sda5                 200M  8.0K  200M   1% /boot/efi
AFS                       2.0T     0  2.0T   0% /afs
192.168.50.33@tcp:/hpcfs  1.8P  841T  879T  49% /hpcfs
cvmfs2                     40G   40G  359M 100% /cvmfs/cvmfs-config.cern.ch
cvmfs2                     40G   40G  359M 100% /cvmfs/common.ihep.ac.cn
cvmfs2                     40G   40G  359M 100% /cvmfs/bes3.ihep.ac.cn
cvmfs2                     40G   40G  359M 100% /cvmfs/juno.ihep.ac.cn
cvmfs2                     40G   40G  359M 100% /cvmfs/atlas.cern.ch
cvmfs2                     40G   40G  359M 100% /cvmfs/cms.cern.ch
cvmfs2                     40G   40G  359M 100% /cvmfs/cepc.ihep.ac.cn
cvmfs2                     40G   40G  359M 100% /cvmfs/lhaaso.ihep.ac.cn
cvmfs2                     40G   40G  359M 100% /cvmfs/sft.cern.ch
eoshxmt                   734T  452T  282T  62% /mnt/hxmt
cvmfs2                     40G   40G  359M 100% /cvmfs/lqcd.ihep.ac.cn
cvmfs2                     40G   40G  359M 100% /cvmfs/mlgpu.ihep.ac.cn
cvmfs2                     40G   40G  359M 100% /cvmfs/container.ihep.ac.cn
cvmfs2                     40G   40G  359M 100% /cvmfs/sft-nightlies.cern.ch
/hpcfs/bes/mlgpu/liaoyp/miniconda3/bin/python
2021-04-15 09:35:44,022 - None.main_v0[INFO]: constructing graph
2021-04-15 09:35:44,137 - None.main_v0[INFO]: cuda:0
2021-04-15 09:35:44,137 - None.main_v0[INFO]: Start loading data:
2021-04-15 09:35:44,137 - None.main_v0[INFO]: /hpcfs/bes/mlgpu/liaoyp/jupyter/CGEM/datasets/xzt_3D_92_10000.root
2021-04-15 10:00:33,518 - None.main_v0[INFO]: Load data successfully! Start training...
2021-04-15 10:00:55,303 - None.main_v0[INFO]: 1 epoch completed! This code is running successfully!
2021-04-15 11:36:23,909 - None.main_v0[INFO]: Epoch     80. Loss 122.468. Loss_MSE 117.714. Loss_BCE 23.771.
2021-04-15 12:00:07,864 - None.main_v0[INFO]: Model save into:
2021-04-15 12:00:07,865 - None.main_v0[INFO]: /hpcfs/bes/mlgpu/liaoyp/jupyter/CGEM/2021code/VAE/Model/pt_path/model3.pt
2021-04-15 12:00:07,865 - None.main_v0[INFO]: /hpcfs/bes/mlgpu/liaoyp/jupyter/CGEM/2021code/VAE/Model/pt_path/D3.pt
2021-04-15 13:12:12,395 - None.main_v0[INFO]: Epoch    160. Loss 114.298. Loss_MSE 112.493. Loss_BCE 9.029.
